2020-07-28 17:34:15,988 ERROR 7896 [-/127.0.0.1/-/5ms POST /v1/order] nodejs.TypeError: Cannot read property 'count' of undefined
    at OperatingGoodsController.order (C:\Users\Administrator\Desktop\创建项目\dame-c\server\app\controller\api\operatingGoods.js:197:34)
    at runMicrotasks (<anonymous>)
    at processTicksAndRejections (internal/process/task_queues.js:97:5)
    at async C:\Users\Administrator\Desktop\创建项目\dame-c\server\app\middleware\isLogin.js:15:13
    at async C:\Users\Administrator\Desktop\创建项目\dame-c\server\node_modules\_egg-development@2.5.0@egg-development\app\middleware\egg_loader_trace.js:9:50
    at async xframe (C:\Users\Administrator\Desktop\创建项目\dame-c\server\node_modules\_egg-security@2.8.0@egg-security\lib\middlewares\xframe.js:7:5)
    at async xssProtection (C:\Users\Administrator\Desktop\创建项目\dame-c\server\node_modules\_egg-security@2.8.0@egg-security\lib\middlewares\xssProtection.js:7:5)
    at async nosniff (C:\Users\Administrator\Desktop\创建项目\dame-c\server\node_modules\_egg-security@2.8.0@egg-security\lib\middlewares\nosniff.js:8:5)
    at async noopen (C:\Users\Administrator\Desktop\创建项目\dame-c\server\node_modules\_egg-security@2.8.0@egg-security\lib\middlewares\noopen.js:8:5)
    at async session (C:\Users\Administrator\Desktop\创建项目\dame-c\server\node_modules\_koa-session@6.0.0@koa-session\index.js:41:7)
    at async bodyParser (C:\Users\Administrator\Desktop\创建项目\dame-c\server\node_modules\_koa-bodyparser@4.3.0@koa-bodyparser\index.js:95:5)
    at async C:\Users\Administrator\Desktop\创建项目\dame-c\server\node_modules\_koa-static-cache@5.1.3@koa-static-cache\index.js:39:63
    at async notfound (C:\Users\Administrator\Desktop\创建项目\dame-c\server\node_modules\_egg@2.27.0@egg\app\middleware\notfound.js:5:5)
    at async meta (C:\Users\Administrator\Desktop\创建项目\dame-c\server\node_modules\_egg@2.27.0@egg\app\middleware\meta.js:12:5)

pid: 7896
hostname: AUTOBVT-9E07G35

2020-07-28 17:34:25,842 ERROR 7896 [-/127.0.0.1/-/4ms POST /v1/order] nodejs.TypeError: Cannot read property 'count' of undefined
    at OperatingGoodsController.order (C:\Users\Administrator\Desktop\创建项目\dame-c\server\app\controller\api\operatingGoods.js:197:34)
    at runMicrotasks (<anonymous>)
    at processTicksAndRejections (internal/process/task_queues.js:97:5)
    at async C:\Users\Administrator\Desktop\创建项目\dame-c\server\app\middleware\isLogin.js:15:13
    at async C:\Users\Administrator\Desktop\创建项目\dame-c\server\node_modules\_egg-development@2.5.0@egg-development\app\middleware\egg_loader_trace.js:9:50
    at async xframe (C:\Users\Administrator\Desktop\创建项目\dame-c\server\node_modules\_egg-security@2.8.0@egg-security\lib\middlewares\xframe.js:7:5)
    at async xssProtection (C:\Users\Administrator\Desktop\创建项目\dame-c\server\node_modules\_egg-security@2.8.0@egg-security\lib\middlewares\xssProtection.js:7:5)
    at async nosniff (C:\Users\Administrator\Desktop\创建项目\dame-c\server\node_modules\_egg-security@2.8.0@egg-security\lib\middlewares\nosniff.js:8:5)
    at async noopen (C:\Users\Administrator\Desktop\创建项目\dame-c\server\node_modules\_egg-security@2.8.0@egg-security\lib\middlewares\noopen.js:8:5)
    at async session (C:\Users\Administrator\Desktop\创建项目\dame-c\server\node_modules\_koa-session@6.0.0@koa-session\index.js:41:7)
    at async bodyParser (C:\Users\Administrator\Desktop\创建项目\dame-c\server\node_modules\_koa-bodyparser@4.3.0@koa-bodyparser\index.js:95:5)
    at async C:\Users\Administrator\Desktop\创建项目\dame-c\server\node_modules\_koa-static-cache@5.1.3@koa-static-cache\index.js:39:63
    at async notfound (C:\Users\Administrator\Desktop\创建项目\dame-c\server\node_modules\_egg@2.27.0@egg\app\middleware\notfound.js:5:5)
    at async meta (C:\Users\Administrator\Desktop\创建项目\dame-c\server\node_modules\_egg@2.27.0@egg\app\middleware\meta.js:12:5)

pid: 7896
hostname: AUTOBVT-9E07G35

2020-07-28 17:35:12,469 ERROR 7896 [-/127.0.0.1/-/7ms POST /v1/order] nodejs.TypeError: Cannot read property 'count' of undefined
    at OperatingGoodsController.order (C:\Users\Administrator\Desktop\创建项目\dame-c\server\app\controller\api\operatingGoods.js:197:34)
    at runMicrotasks (<anonymous>)
    at processTicksAndRejections (internal/process/task_queues.js:97:5)
    at async C:\Users\Administrator\Desktop\创建项目\dame-c\server\app\middleware\isLogin.js:15:13
    at async C:\Users\Administrator\Desktop\创建项目\dame-c\server\node_modules\_egg-development@2.5.0@egg-development\app\middleware\egg_loader_trace.js:9:50
    at async xframe (C:\Users\Administrator\Desktop\创建项目\dame-c\server\node_modules\_egg-security@2.8.0@egg-security\lib\middlewares\xframe.js:7:5)
    at async xssProtection (C:\Users\Administrator\Desktop\创建项目\dame-c\server\node_modules\_egg-security@2.8.0@egg-security\lib\middlewares\xssProtection.js:7:5)
    at async nosniff (C:\Users\Administrator\Desktop\创建项目\dame-c\server\node_modules\_egg-security@2.8.0@egg-security\lib\middlewares\nosniff.js:8:5)
    at async noopen (C:\Users\Administrator\Desktop\创建项目\dame-c\server\node_modules\_egg-security@2.8.0@egg-security\lib\middlewares\noopen.js:8:5)
    at async session (C:\Users\Administrator\Desktop\创建项目\dame-c\server\node_modules\_koa-session@6.0.0@koa-session\index.js:41:7)
    at async bodyParser (C:\Users\Administrator\Desktop\创建项目\dame-c\server\node_modules\_koa-bodyparser@4.3.0@koa-bodyparser\index.js:95:5)
    at async C:\Users\Administrator\Desktop\创建项目\dame-c\server\node_modules\_koa-static-cache@5.1.3@koa-static-cache\index.js:39:63
    at async notfound (C:\Users\Administrator\Desktop\创建项目\dame-c\server\node_modules\_egg@2.27.0@egg\app\middleware\notfound.js:5:5)
    at async meta (C:\Users\Administrator\Desktop\创建项目\dame-c\server\node_modules\_egg@2.27.0@egg\app\middleware\meta.js:12:5)

pid: 7896
hostname: AUTOBVT-9E07G35

2020-07-28 17:35:14,378 ERROR 7896 [-/127.0.0.1/-/3ms POST /v1/order] nodejs.TypeError: Cannot read property 'count' of undefined
    at OperatingGoodsController.order (C:\Users\Administrator\Desktop\创建项目\dame-c\server\app\controller\api\operatingGoods.js:197:34)
    at runMicrotasks (<anonymous>)
    at processTicksAndRejections (internal/process/task_queues.js:97:5)
    at async C:\Users\Administrator\Desktop\创建项目\dame-c\server\app\middleware\isLogin.js:15:13
    at async C:\Users\Administrator\Desktop\创建项目\dame-c\server\node_modules\_egg-development@2.5.0@egg-development\app\middleware\egg_loader_trace.js:9:50
    at async xframe (C:\Users\Administrator\Desktop\创建项目\dame-c\server\node_modules\_egg-security@2.8.0@egg-security\lib\middlewares\xframe.js:7:5)
    at async xssProtection (C:\Users\Administrator\Desktop\创建项目\dame-c\server\node_modules\_egg-security@2.8.0@egg-security\lib\middlewares\xssProtection.js:7:5)
    at async nosniff (C:\Users\Administrator\Desktop\创建项目\dame-c\server\node_modules\_egg-security@2.8.0@egg-security\lib\middlewares\nosniff.js:8:5)
    at async noopen (C:\Users\Administrator\Desktop\创建项目\dame-c\server\node_modules\_egg-security@2.8.0@egg-security\lib\middlewares\noopen.js:8:5)
    at async session (C:\Users\Administrator\Desktop\创建项目\dame-c\server\node_modules\_koa-session@6.0.0@koa-session\index.js:41:7)
    at async bodyParser (C:\Users\Administrator\Desktop\创建项目\dame-c\server\node_modules\_koa-bodyparser@4.3.0@koa-bodyparser\index.js:95:5)
    at async C:\Users\Administrator\Desktop\创建项目\dame-c\server\node_modules\_koa-static-cache@5.1.3@koa-static-cache\index.js:39:63
    at async notfound (C:\Users\Administrator\Desktop\创建项目\dame-c\server\node_modules\_egg@2.27.0@egg\app\middleware\notfound.js:5:5)
    at async meta (C:\Users\Administrator\Desktop\创建项目\dame-c\server\node_modules\_egg@2.27.0@egg\app\middleware\meta.js:12:5)

pid: 7896
hostname: AUTOBVT-9E07G35

2020-07-28 17:35:25,080 ERROR 7896 [-/127.0.0.1/-/3ms POST /v1/order] nodejs.TypeError: Cannot read property 'count' of undefined
    at OperatingGoodsController.order (C:\Users\Administrator\Desktop\创建项目\dame-c\server\app\controller\api\operatingGoods.js:197:34)
    at runMicrotasks (<anonymous>)
    at processTicksAndRejections (internal/process/task_queues.js:97:5)
    at async C:\Users\Administrator\Desktop\创建项目\dame-c\server\app\middleware\isLogin.js:15:13
    at async C:\Users\Administrator\Desktop\创建项目\dame-c\server\node_modules\_egg-development@2.5.0@egg-development\app\middleware\egg_loader_trace.js:9:50
    at async xframe (C:\Users\Administrator\Desktop\创建项目\dame-c\server\node_modules\_egg-security@2.8.0@egg-security\lib\middlewares\xframe.js:7:5)
    at async xssProtection (C:\Users\Administrator\Desktop\创建项目\dame-c\server\node_modules\_egg-security@2.8.0@egg-security\lib\middlewares\xssProtection.js:7:5)
    at async nosniff (C:\Users\Administrator\Desktop\创建项目\dame-c\server\node_modules\_egg-security@2.8.0@egg-security\lib\middlewares\nosniff.js:8:5)
    at async noopen (C:\Users\Administrator\Desktop\创建项目\dame-c\server\node_modules\_egg-security@2.8.0@egg-security\lib\middlewares\noopen.js:8:5)
    at async session (C:\Users\Administrator\Desktop\创建项目\dame-c\server\node_modules\_koa-session@6.0.0@koa-session\index.js:41:7)
    at async bodyParser (C:\Users\Administrator\Desktop\创建项目\dame-c\server\node_modules\_koa-bodyparser@4.3.0@koa-bodyparser\index.js:95:5)
    at async C:\Users\Administrator\Desktop\创建项目\dame-c\server\node_modules\_koa-static-cache@5.1.3@koa-static-cache\index.js:39:63
    at async notfound (C:\Users\Administrator\Desktop\创建项目\dame-c\server\node_modules\_egg@2.27.0@egg\app\middleware\notfound.js:5:5)
    at async meta (C:\Users\Administrator\Desktop\创建项目\dame-c\server\node_modules\_egg@2.27.0@egg\app\middleware\meta.js:12:5)

pid: 7896
hostname: AUTOBVT-9E07G35

2020-07-28 17:36:27,057 ERROR 7896 [-/127.0.0.1/-/4ms POST /v1/order] nodejs.TypeError: Cannot read property 'count' of undefined
    at OperatingGoodsController.order (C:\Users\Administrator\Desktop\创建项目\dame-c\server\app\controller\api\operatingGoods.js:197:34)
    at runMicrotasks (<anonymous>)
    at processTicksAndRejections (internal/process/task_queues.js:97:5)
    at async C:\Users\Administrator\Desktop\创建项目\dame-c\server\app\middleware\isLogin.js:15:13
    at async C:\Users\Administrator\Desktop\创建项目\dame-c\server\node_modules\_egg-development@2.5.0@egg-development\app\middleware\egg_loader_trace.js:9:50
    at async xframe (C:\Users\Administrator\Desktop\创建项目\dame-c\server\node_modules\_egg-security@2.8.0@egg-security\lib\middlewares\xframe.js:7:5)
    at async xssProtection (C:\Users\Administrator\Desktop\创建项目\dame-c\server\node_modules\_egg-security@2.8.0@egg-security\lib\middlewares\xssProtection.js:7:5)
    at async nosniff (C:\Users\Administrator\Desktop\创建项目\dame-c\server\node_modules\_egg-security@2.8.0@egg-security\lib\middlewares\nosniff.js:8:5)
    at async noopen (C:\Users\Administrator\Desktop\创建项目\dame-c\server\node_modules\_egg-security@2.8.0@egg-security\lib\middlewares\noopen.js:8:5)
    at async session (C:\Users\Administrator\Desktop\创建项目\dame-c\server\node_modules\_koa-session@6.0.0@koa-session\index.js:41:7)
    at async bodyParser (C:\Users\Administrator\Desktop\创建项目\dame-c\server\node_modules\_koa-bodyparser@4.3.0@koa-bodyparser\index.js:95:5)
    at async C:\Users\Administrator\Desktop\创建项目\dame-c\server\node_modules\_koa-static-cache@5.1.3@koa-static-cache\index.js:39:63
    at async notfound (C:\Users\Administrator\Desktop\创建项目\dame-c\server\node_modules\_egg@2.27.0@egg\app\middleware\notfound.js:5:5)
    at async meta (C:\Users\Administrator\Desktop\创建项目\dame-c\server\node_modules\_egg@2.27.0@egg\app\middleware\meta.js:12:5)

pid: 7896
hostname: AUTOBVT-9E07G35

2020-07-28 17:36:45,480 ERROR 7896 [-/127.0.0.1/-/4ms POST /v1/order] nodejs.TypeError: Cannot read property 'count' of undefined
    at OperatingGoodsController.order (C:\Users\Administrator\Desktop\创建项目\dame-c\server\app\controller\api\operatingGoods.js:197:34)
    at runMicrotasks (<anonymous>)
    at processTicksAndRejections (internal/process/task_queues.js:97:5)
    at async C:\Users\Administrator\Desktop\创建项目\dame-c\server\app\middleware\isLogin.js:15:13
    at async C:\Users\Administrator\Desktop\创建项目\dame-c\server\node_modules\_egg-development@2.5.0@egg-development\app\middleware\egg_loader_trace.js:9:50
    at async xframe (C:\Users\Administrator\Desktop\创建项目\dame-c\server\node_modules\_egg-security@2.8.0@egg-security\lib\middlewares\xframe.js:7:5)
    at async xssProtection (C:\Users\Administrator\Desktop\创建项目\dame-c\server\node_modules\_egg-security@2.8.0@egg-security\lib\middlewares\xssProtection.js:7:5)
    at async nosniff (C:\Users\Administrator\Desktop\创建项目\dame-c\server\node_modules\_egg-security@2.8.0@egg-security\lib\middlewares\nosniff.js:8:5)
    at async noopen (C:\Users\Administrator\Desktop\创建项目\dame-c\server\node_modules\_egg-security@2.8.0@egg-security\lib\middlewares\noopen.js:8:5)
    at async session (C:\Users\Administrator\Desktop\创建项目\dame-c\server\node_modules\_koa-session@6.0.0@koa-session\index.js:41:7)
    at async bodyParser (C:\Users\Administrator\Desktop\创建项目\dame-c\server\node_modules\_koa-bodyparser@4.3.0@koa-bodyparser\index.js:95:5)
    at async C:\Users\Administrator\Desktop\创建项目\dame-c\server\node_modules\_koa-static-cache@5.1.3@koa-static-cache\index.js:39:63
    at async notfound (C:\Users\Administrator\Desktop\创建项目\dame-c\server\node_modules\_egg@2.27.0@egg\app\middleware\notfound.js:5:5)
    at async meta (C:\Users\Administrator\Desktop\创建项目\dame-c\server\node_modules\_egg@2.27.0@egg\app\middleware\meta.js:12:5)

pid: 7896
hostname: AUTOBVT-9E07G35

2020-07-28 17:36:49,738 ERROR 7896 [-/127.0.0.1/-/3ms POST /v1/order] nodejs.TypeError: Cannot read property 'count' of undefined
    at OperatingGoodsController.order (C:\Users\Administrator\Desktop\创建项目\dame-c\server\app\controller\api\operatingGoods.js:197:34)
    at runMicrotasks (<anonymous>)
    at processTicksAndRejections (internal/process/task_queues.js:97:5)
    at async C:\Users\Administrator\Desktop\创建项目\dame-c\server\app\middleware\isLogin.js:15:13
    at async C:\Users\Administrator\Desktop\创建项目\dame-c\server\node_modules\_egg-development@2.5.0@egg-development\app\middleware\egg_loader_trace.js:9:50
    at async xframe (C:\Users\Administrator\Desktop\创建项目\dame-c\server\node_modules\_egg-security@2.8.0@egg-security\lib\middlewares\xframe.js:7:5)
    at async xssProtection (C:\Users\Administrator\Desktop\创建项目\dame-c\server\node_modules\_egg-security@2.8.0@egg-security\lib\middlewares\xssProtection.js:7:5)
    at async nosniff (C:\Users\Administrator\Desktop\创建项目\dame-c\server\node_modules\_egg-security@2.8.0@egg-security\lib\middlewares\nosniff.js:8:5)
    at async noopen (C:\Users\Administrator\Desktop\创建项目\dame-c\server\node_modules\_egg-security@2.8.0@egg-security\lib\middlewares\noopen.js:8:5)
    at async session (C:\Users\Administrator\Desktop\创建项目\dame-c\server\node_modules\_koa-session@6.0.0@koa-session\index.js:41:7)
    at async bodyParser (C:\Users\Administrator\Desktop\创建项目\dame-c\server\node_modules\_koa-bodyparser@4.3.0@koa-bodyparser\index.js:95:5)
    at async C:\Users\Administrator\Desktop\创建项目\dame-c\server\node_modules\_koa-static-cache@5.1.3@koa-static-cache\index.js:39:63
    at async notfound (C:\Users\Administrator\Desktop\创建项目\dame-c\server\node_modules\_egg@2.27.0@egg\app\middleware\notfound.js:5:5)
    at async meta (C:\Users\Administrator\Desktop\创建项目\dame-c\server\node_modules\_egg@2.27.0@egg\app\middleware\meta.js:12:5)

pid: 7896
hostname: AUTOBVT-9E07G35

2020-07-28 17:41:19,533 ERROR 7896 [-/127.0.0.1/-/5ms POST /v1/order] nodejs.TypeError: Cannot read property 'count' of undefined
    at OperatingGoodsController.order (C:\Users\Administrator\Desktop\创建项目\dame-c\server\app\controller\api\operatingGoods.js:197:34)
    at runMicrotasks (<anonymous>)
    at processTicksAndRejections (internal/process/task_queues.js:97:5)
    at async C:\Users\Administrator\Desktop\创建项目\dame-c\server\app\middleware\isLogin.js:15:13
    at async C:\Users\Administrator\Desktop\创建项目\dame-c\server\node_modules\_egg-development@2.5.0@egg-development\app\middleware\egg_loader_trace.js:9:50
    at async xframe (C:\Users\Administrator\Desktop\创建项目\dame-c\server\node_modules\_egg-security@2.8.0@egg-security\lib\middlewares\xframe.js:7:5)
    at async xssProtection (C:\Users\Administrator\Desktop\创建项目\dame-c\server\node_modules\_egg-security@2.8.0@egg-security\lib\middlewares\xssProtection.js:7:5)
    at async nosniff (C:\Users\Administrator\Desktop\创建项目\dame-c\server\node_modules\_egg-security@2.8.0@egg-security\lib\middlewares\nosniff.js:8:5)
    at async noopen (C:\Users\Administrator\Desktop\创建项目\dame-c\server\node_modules\_egg-security@2.8.0@egg-security\lib\middlewares\noopen.js:8:5)
    at async session (C:\Users\Administrator\Desktop\创建项目\dame-c\server\node_modules\_koa-session@6.0.0@koa-session\index.js:41:7)
    at async bodyParser (C:\Users\Administrator\Desktop\创建项目\dame-c\server\node_modules\_koa-bodyparser@4.3.0@koa-bodyparser\index.js:95:5)
    at async C:\Users\Administrator\Desktop\创建项目\dame-c\server\node_modules\_koa-static-cache@5.1.3@koa-static-cache\index.js:39:63
    at async notfound (C:\Users\Administrator\Desktop\创建项目\dame-c\server\node_modules\_egg@2.27.0@egg\app\middleware\notfound.js:5:5)
    at async meta (C:\Users\Administrator\Desktop\创建项目\dame-c\server\node_modules\_egg@2.27.0@egg\app\middleware\meta.js:12:5)

pid: 7896
hostname: AUTOBVT-9E07G35

2020-07-28 17:46:35,896 ERROR 7896 [-/127.0.0.1/-/4ms POST /v1/order] nodejs.TypeError: Cannot read property 'count' of undefined
    at OperatingGoodsController.order (C:\Users\Administrator\Desktop\创建项目\dame-c\server\app\controller\api\operatingGoods.js:197:34)
    at runMicrotasks (<anonymous>)
    at processTicksAndRejections (internal/process/task_queues.js:97:5)
    at async C:\Users\Administrator\Desktop\创建项目\dame-c\server\app\middleware\isLogin.js:15:13
    at async C:\Users\Administrator\Desktop\创建项目\dame-c\server\node_modules\_egg-development@2.5.0@egg-development\app\middleware\egg_loader_trace.js:9:50
    at async xframe (C:\Users\Administrator\Desktop\创建项目\dame-c\server\node_modules\_egg-security@2.8.0@egg-security\lib\middlewares\xframe.js:7:5)
    at async xssProtection (C:\Users\Administrator\Desktop\创建项目\dame-c\server\node_modules\_egg-security@2.8.0@egg-security\lib\middlewares\xssProtection.js:7:5)
    at async nosniff (C:\Users\Administrator\Desktop\创建项目\dame-c\server\node_modules\_egg-security@2.8.0@egg-security\lib\middlewares\nosniff.js:8:5)
    at async noopen (C:\Users\Administrator\Desktop\创建项目\dame-c\server\node_modules\_egg-security@2.8.0@egg-security\lib\middlewares\noopen.js:8:5)
    at async session (C:\Users\Administrator\Desktop\创建项目\dame-c\server\node_modules\_koa-session@6.0.0@koa-session\index.js:41:7)
    at async bodyParser (C:\Users\Administrator\Desktop\创建项目\dame-c\server\node_modules\_koa-bodyparser@4.3.0@koa-bodyparser\index.js:95:5)
    at async C:\Users\Administrator\Desktop\创建项目\dame-c\server\node_modules\_koa-static-cache@5.1.3@koa-static-cache\index.js:39:63
    at async notfound (C:\Users\Administrator\Desktop\创建项目\dame-c\server\node_modules\_egg@2.27.0@egg\app\middleware\notfound.js:5:5)
    at async meta (C:\Users\Administrator\Desktop\创建项目\dame-c\server\node_modules\_egg@2.27.0@egg\app\middleware\meta.js:12:5)

pid: 7896
hostname: AUTOBVT-9E07G35

2020-07-28 17:55:47,514 ERROR 7896 [-/127.0.0.1/-/4ms POST /v1/order] nodejs.TypeError: Cannot read property 'count' of undefined
    at OperatingGoodsController.order (C:\Users\Administrator\Desktop\创建项目\dame-c\server\app\controller\api\operatingGoods.js:197:34)
    at runMicrotasks (<anonymous>)
    at processTicksAndRejections (internal/process/task_queues.js:97:5)
    at async C:\Users\Administrator\Desktop\创建项目\dame-c\server\app\middleware\isLogin.js:15:13
    at async C:\Users\Administrator\Desktop\创建项目\dame-c\server\node_modules\_egg-development@2.5.0@egg-development\app\middleware\egg_loader_trace.js:9:50
    at async xframe (C:\Users\Administrator\Desktop\创建项目\dame-c\server\node_modules\_egg-security@2.8.0@egg-security\lib\middlewares\xframe.js:7:5)
    at async xssProtection (C:\Users\Administrator\Desktop\创建项目\dame-c\server\node_modules\_egg-security@2.8.0@egg-security\lib\middlewares\xssProtection.js:7:5)
    at async nosniff (C:\Users\Administrator\Desktop\创建项目\dame-c\server\node_modules\_egg-security@2.8.0@egg-security\lib\middlewares\nosniff.js:8:5)
    at async noopen (C:\Users\Administrator\Desktop\创建项目\dame-c\server\node_modules\_egg-security@2.8.0@egg-security\lib\middlewares\noopen.js:8:5)
    at async session (C:\Users\Administrator\Desktop\创建项目\dame-c\server\node_modules\_koa-session@6.0.0@koa-session\index.js:41:7)
    at async bodyParser (C:\Users\Administrator\Desktop\创建项目\dame-c\server\node_modules\_koa-bodyparser@4.3.0@koa-bodyparser\index.js:95:5)
    at async C:\Users\Administrator\Desktop\创建项目\dame-c\server\node_modules\_koa-static-cache@5.1.3@koa-static-cache\index.js:39:63
    at async notfound (C:\Users\Administrator\Desktop\创建项目\dame-c\server\node_modules\_egg@2.27.0@egg\app\middleware\notfound.js:5:5)
    at async meta (C:\Users\Administrator\Desktop\创建项目\dame-c\server\node_modules\_egg@2.27.0@egg\app\middleware\meta.js:12:5)

pid: 7896
hostname: AUTOBVT-9E07G35

2020-07-28 17:55:48,363 ERROR 7896 [-/127.0.0.1/-/2ms POST /v1/order] nodejs.TypeError: Cannot read property 'count' of undefined
    at OperatingGoodsController.order (C:\Users\Administrator\Desktop\创建项目\dame-c\server\app\controller\api\operatingGoods.js:197:34)
    at runMicrotasks (<anonymous>)
    at processTicksAndRejections (internal/process/task_queues.js:97:5)
    at async C:\Users\Administrator\Desktop\创建项目\dame-c\server\app\middleware\isLogin.js:15:13
    at async C:\Users\Administrator\Desktop\创建项目\dame-c\server\node_modules\_egg-development@2.5.0@egg-development\app\middleware\egg_loader_trace.js:9:50
    at async xframe (C:\Users\Administrator\Desktop\创建项目\dame-c\server\node_modules\_egg-security@2.8.0@egg-security\lib\middlewares\xframe.js:7:5)
    at async xssProtection (C:\Users\Administrator\Desktop\创建项目\dame-c\server\node_modules\_egg-security@2.8.0@egg-security\lib\middlewares\xssProtection.js:7:5)
    at async nosniff (C:\Users\Administrator\Desktop\创建项目\dame-c\server\node_modules\_egg-security@2.8.0@egg-security\lib\middlewares\nosniff.js:8:5)
    at async noopen (C:\Users\Administrator\Desktop\创建项目\dame-c\server\node_modules\_egg-security@2.8.0@egg-security\lib\middlewares\noopen.js:8:5)
    at async session (C:\Users\Administrator\Desktop\创建项目\dame-c\server\node_modules\_koa-session@6.0.0@koa-session\index.js:41:7)
    at async bodyParser (C:\Users\Administrator\Desktop\创建项目\dame-c\server\node_modules\_koa-bodyparser@4.3.0@koa-bodyparser\index.js:95:5)
    at async C:\Users\Administrator\Desktop\创建项目\dame-c\server\node_modules\_koa-static-cache@5.1.3@koa-static-cache\index.js:39:63
    at async notfound (C:\Users\Administrator\Desktop\创建项目\dame-c\server\node_modules\_egg@2.27.0@egg\app\middleware\notfound.js:5:5)
    at async meta (C:\Users\Administrator\Desktop\创建项目\dame-c\server\node_modules\_egg@2.27.0@egg\app\middleware\meta.js:12:5)

pid: 7896
hostname: AUTOBVT-9E07G35

2020-07-28 17:55:49,690 ERROR 7896 [-/127.0.0.1/-/2ms POST /v1/order] nodejs.TypeError: Cannot read property 'count' of undefined
    at OperatingGoodsController.order (C:\Users\Administrator\Desktop\创建项目\dame-c\server\app\controller\api\operatingGoods.js:197:34)
    at runMicrotasks (<anonymous>)
    at processTicksAndRejections (internal/process/task_queues.js:97:5)
    at async C:\Users\Administrator\Desktop\创建项目\dame-c\server\app\middleware\isLogin.js:15:13
    at async C:\Users\Administrator\Desktop\创建项目\dame-c\server\node_modules\_egg-development@2.5.0@egg-development\app\middleware\egg_loader_trace.js:9:50
    at async xframe (C:\Users\Administrator\Desktop\创建项目\dame-c\server\node_modules\_egg-security@2.8.0@egg-security\lib\middlewares\xframe.js:7:5)
    at async xssProtection (C:\Users\Administrator\Desktop\创建项目\dame-c\server\node_modules\_egg-security@2.8.0@egg-security\lib\middlewares\xssProtection.js:7:5)
    at async nosniff (C:\Users\Administrator\Desktop\创建项目\dame-c\server\node_modules\_egg-security@2.8.0@egg-security\lib\middlewares\nosniff.js:8:5)
    at async noopen (C:\Users\Administrator\Desktop\创建项目\dame-c\server\node_modules\_egg-security@2.8.0@egg-security\lib\middlewares\noopen.js:8:5)
    at async session (C:\Users\Administrator\Desktop\创建项目\dame-c\server\node_modules\_koa-session@6.0.0@koa-session\index.js:41:7)
    at async bodyParser (C:\Users\Administrator\Desktop\创建项目\dame-c\server\node_modules\_koa-bodyparser@4.3.0@koa-bodyparser\index.js:95:5)
    at async C:\Users\Administrator\Desktop\创建项目\dame-c\server\node_modules\_koa-static-cache@5.1.3@koa-static-cache\index.js:39:63
    at async notfound (C:\Users\Administrator\Desktop\创建项目\dame-c\server\node_modules\_egg@2.27.0@egg\app\middleware\notfound.js:5:5)
    at async meta (C:\Users\Administrator\Desktop\创建项目\dame-c\server\node_modules\_egg@2.27.0@egg\app\middleware\meta.js:12:5)

pid: 7896
hostname: AUTOBVT-9E07G35

2020-07-28 17:55:49,939 ERROR 7896 [-/127.0.0.1/-/2ms POST /v1/order] nodejs.TypeError: Cannot read property 'count' of undefined
    at OperatingGoodsController.order (C:\Users\Administrator\Desktop\创建项目\dame-c\server\app\controller\api\operatingGoods.js:197:34)
    at runMicrotasks (<anonymous>)
    at processTicksAndRejections (internal/process/task_queues.js:97:5)
    at async C:\Users\Administrator\Desktop\创建项目\dame-c\server\app\middleware\isLogin.js:15:13
    at async C:\Users\Administrator\Desktop\创建项目\dame-c\server\node_modules\_egg-development@2.5.0@egg-development\app\middleware\egg_loader_trace.js:9:50
    at async xframe (C:\Users\Administrator\Desktop\创建项目\dame-c\server\node_modules\_egg-security@2.8.0@egg-security\lib\middlewares\xframe.js:7:5)
    at async xssProtection (C:\Users\Administrator\Desktop\创建项目\dame-c\server\node_modules\_egg-security@2.8.0@egg-security\lib\middlewares\xssProtection.js:7:5)
    at async nosniff (C:\Users\Administrator\Desktop\创建项目\dame-c\server\node_modules\_egg-security@2.8.0@egg-security\lib\middlewares\nosniff.js:8:5)
    at async noopen (C:\Users\Administrator\Desktop\创建项目\dame-c\server\node_modules\_egg-security@2.8.0@egg-security\lib\middlewares\noopen.js:8:5)
    at async session (C:\Users\Administrator\Desktop\创建项目\dame-c\server\node_modules\_koa-session@6.0.0@koa-session\index.js:41:7)
    at async bodyParser (C:\Users\Administrator\Desktop\创建项目\dame-c\server\node_modules\_koa-bodyparser@4.3.0@koa-bodyparser\index.js:95:5)
    at async C:\Users\Administrator\Desktop\创建项目\dame-c\server\node_modules\_koa-static-cache@5.1.3@koa-static-cache\index.js:39:63
    at async notfound (C:\Users\Administrator\Desktop\创建项目\dame-c\server\node_modules\_egg@2.27.0@egg\app\middleware\notfound.js:5:5)
    at async meta (C:\Users\Administrator\Desktop\创建项目\dame-c\server\node_modules\_egg@2.27.0@egg\app\middleware\meta.js:12:5)

pid: 7896
hostname: AUTOBVT-9E07G35

2020-07-28 17:55:50,222 ERROR 7896 [-/127.0.0.1/-/3ms POST /v1/order] nodejs.TypeError: Cannot read property 'count' of undefined
    at OperatingGoodsController.order (C:\Users\Administrator\Desktop\创建项目\dame-c\server\app\controller\api\operatingGoods.js:197:34)
    at runMicrotasks (<anonymous>)
    at processTicksAndRejections (internal/process/task_queues.js:97:5)
    at async C:\Users\Administrator\Desktop\创建项目\dame-c\server\app\middleware\isLogin.js:15:13
    at async C:\Users\Administrator\Desktop\创建项目\dame-c\server\node_modules\_egg-development@2.5.0@egg-development\app\middleware\egg_loader_trace.js:9:50
    at async xframe (C:\Users\Administrator\Desktop\创建项目\dame-c\server\node_modules\_egg-security@2.8.0@egg-security\lib\middlewares\xframe.js:7:5)
    at async xssProtection (C:\Users\Administrator\Desktop\创建项目\dame-c\server\node_modules\_egg-security@2.8.0@egg-security\lib\middlewares\xssProtection.js:7:5)
    at async nosniff (C:\Users\Administrator\Desktop\创建项目\dame-c\server\node_modules\_egg-security@2.8.0@egg-security\lib\middlewares\nosniff.js:8:5)
    at async noopen (C:\Users\Administrator\Desktop\创建项目\dame-c\server\node_modules\_egg-security@2.8.0@egg-security\lib\middlewares\noopen.js:8:5)
    at async session (C:\Users\Administrator\Desktop\创建项目\dame-c\server\node_modules\_koa-session@6.0.0@koa-session\index.js:41:7)
    at async bodyParser (C:\Users\Administrator\Desktop\创建项目\dame-c\server\node_modules\_koa-bodyparser@4.3.0@koa-bodyparser\index.js:95:5)
    at async C:\Users\Administrator\Desktop\创建项目\dame-c\server\node_modules\_koa-static-cache@5.1.3@koa-static-cache\index.js:39:63
    at async notfound (C:\Users\Administrator\Desktop\创建项目\dame-c\server\node_modules\_egg@2.27.0@egg\app\middleware\notfound.js:5:5)
    at async meta (C:\Users\Administrator\Desktop\创建项目\dame-c\server\node_modules\_egg@2.27.0@egg\app\middleware\meta.js:12:5)

pid: 7896
hostname: AUTOBVT-9E07G35

2020-07-28 17:55:50,741 ERROR 7896 [-/127.0.0.1/-/4ms POST /v1/order] nodejs.TypeError: Cannot read property 'count' of undefined
    at OperatingGoodsController.order (C:\Users\Administrator\Desktop\创建项目\dame-c\server\app\controller\api\operatingGoods.js:197:34)
    at runMicrotasks (<anonymous>)
    at processTicksAndRejections (internal/process/task_queues.js:97:5)
    at async C:\Users\Administrator\Desktop\创建项目\dame-c\server\app\middleware\isLogin.js:15:13
    at async C:\Users\Administrator\Desktop\创建项目\dame-c\server\node_modules\_egg-development@2.5.0@egg-development\app\middleware\egg_loader_trace.js:9:50
    at async xframe (C:\Users\Administrator\Desktop\创建项目\dame-c\server\node_modules\_egg-security@2.8.0@egg-security\lib\middlewares\xframe.js:7:5)
    at async xssProtection (C:\Users\Administrator\Desktop\创建项目\dame-c\server\node_modules\_egg-security@2.8.0@egg-security\lib\middlewares\xssProtection.js:7:5)
    at async nosniff (C:\Users\Administrator\Desktop\创建项目\dame-c\server\node_modules\_egg-security@2.8.0@egg-security\lib\middlewares\nosniff.js:8:5)
    at async noopen (C:\Users\Administrator\Desktop\创建项目\dame-c\server\node_modules\_egg-security@2.8.0@egg-security\lib\middlewares\noopen.js:8:5)
    at async session (C:\Users\Administrator\Desktop\创建项目\dame-c\server\node_modules\_koa-session@6.0.0@koa-session\index.js:41:7)
    at async bodyParser (C:\Users\Administrator\Desktop\创建项目\dame-c\server\node_modules\_koa-bodyparser@4.3.0@koa-bodyparser\index.js:95:5)
    at async C:\Users\Administrator\Desktop\创建项目\dame-c\server\node_modules\_koa-static-cache@5.1.3@koa-static-cache\index.js:39:63
    at async notfound (C:\Users\Administrator\Desktop\创建项目\dame-c\server\node_modules\_egg@2.27.0@egg\app\middleware\notfound.js:5:5)
    at async meta (C:\Users\Administrator\Desktop\创建项目\dame-c\server\node_modules\_egg@2.27.0@egg\app\middleware\meta.js:12:5)

pid: 7896
hostname: AUTOBVT-9E07G35

2020-07-28 17:55:50,961 ERROR 7896 [-/127.0.0.1/-/4ms POST /v1/order] nodejs.TypeError: Cannot read property 'count' of undefined
    at OperatingGoodsController.order (C:\Users\Administrator\Desktop\创建项目\dame-c\server\app\controller\api\operatingGoods.js:197:34)
    at runMicrotasks (<anonymous>)
    at processTicksAndRejections (internal/process/task_queues.js:97:5)
    at async C:\Users\Administrator\Desktop\创建项目\dame-c\server\app\middleware\isLogin.js:15:13
    at async C:\Users\Administrator\Desktop\创建项目\dame-c\server\node_modules\_egg-development@2.5.0@egg-development\app\middleware\egg_loader_trace.js:9:50
    at async xframe (C:\Users\Administrator\Desktop\创建项目\dame-c\server\node_modules\_egg-security@2.8.0@egg-security\lib\middlewares\xframe.js:7:5)
    at async xssProtection (C:\Users\Administrator\Desktop\创建项目\dame-c\server\node_modules\_egg-security@2.8.0@egg-security\lib\middlewares\xssProtection.js:7:5)
    at async nosniff (C:\Users\Administrator\Desktop\创建项目\dame-c\server\node_modules\_egg-security@2.8.0@egg-security\lib\middlewares\nosniff.js:8:5)
    at async noopen (C:\Users\Administrator\Desktop\创建项目\dame-c\server\node_modules\_egg-security@2.8.0@egg-security\lib\middlewares\noopen.js:8:5)
    at async session (C:\Users\Administrator\Desktop\创建项目\dame-c\server\node_modules\_koa-session@6.0.0@koa-session\index.js:41:7)
    at async bodyParser (C:\Users\Administrator\Desktop\创建项目\dame-c\server\node_modules\_koa-bodyparser@4.3.0@koa-bodyparser\index.js:95:5)
    at async C:\Users\Administrator\Desktop\创建项目\dame-c\server\node_modules\_koa-static-cache@5.1.3@koa-static-cache\index.js:39:63
    at async notfound (C:\Users\Administrator\Desktop\创建项目\dame-c\server\node_modules\_egg@2.27.0@egg\app\middleware\notfound.js:5:5)
    at async meta (C:\Users\Administrator\Desktop\创建项目\dame-c\server\node_modules\_egg@2.27.0@egg\app\middleware\meta.js:12:5)

pid: 7896
hostname: AUTOBVT-9E07G35

2020-07-28 17:56:26,639 ERROR 7896 [-/127.0.0.1/-/4ms POST /v1/order] nodejs.TypeError: Cannot read property 'count' of undefined
    at OperatingGoodsController.order (C:\Users\Administrator\Desktop\创建项目\dame-c\server\app\controller\api\operatingGoods.js:197:34)
    at runMicrotasks (<anonymous>)
    at processTicksAndRejections (internal/process/task_queues.js:97:5)
    at async C:\Users\Administrator\Desktop\创建项目\dame-c\server\app\middleware\isLogin.js:15:13
    at async C:\Users\Administrator\Desktop\创建项目\dame-c\server\node_modules\_egg-development@2.5.0@egg-development\app\middleware\egg_loader_trace.js:9:50
    at async xframe (C:\Users\Administrator\Desktop\创建项目\dame-c\server\node_modules\_egg-security@2.8.0@egg-security\lib\middlewares\xframe.js:7:5)
    at async xssProtection (C:\Users\Administrator\Desktop\创建项目\dame-c\server\node_modules\_egg-security@2.8.0@egg-security\lib\middlewares\xssProtection.js:7:5)
    at async nosniff (C:\Users\Administrator\Desktop\创建项目\dame-c\server\node_modules\_egg-security@2.8.0@egg-security\lib\middlewares\nosniff.js:8:5)
    at async noopen (C:\Users\Administrator\Desktop\创建项目\dame-c\server\node_modules\_egg-security@2.8.0@egg-security\lib\middlewares\noopen.js:8:5)
    at async session (C:\Users\Administrator\Desktop\创建项目\dame-c\server\node_modules\_koa-session@6.0.0@koa-session\index.js:41:7)
    at async bodyParser (C:\Users\Administrator\Desktop\创建项目\dame-c\server\node_modules\_koa-bodyparser@4.3.0@koa-bodyparser\index.js:95:5)
    at async C:\Users\Administrator\Desktop\创建项目\dame-c\server\node_modules\_koa-static-cache@5.1.3@koa-static-cache\index.js:39:63
    at async notfound (C:\Users\Administrator\Desktop\创建项目\dame-c\server\node_modules\_egg@2.27.0@egg\app\middleware\notfound.js:5:5)
    at async meta (C:\Users\Administrator\Desktop\创建项目\dame-c\server\node_modules\_egg@2.27.0@egg\app\middleware\meta.js:12:5)

pid: 7896
hostname: AUTOBVT-9E07G35

2020-07-28 17:56:33,742 ERROR 7896 [-/127.0.0.1/-/3ms POST /v1/order] nodejs.TypeError: Cannot read property 'count' of undefined
    at OperatingGoodsController.order (C:\Users\Administrator\Desktop\创建项目\dame-c\server\app\controller\api\operatingGoods.js:197:34)
    at runMicrotasks (<anonymous>)
    at processTicksAndRejections (internal/process/task_queues.js:97:5)
    at async C:\Users\Administrator\Desktop\创建项目\dame-c\server\app\middleware\isLogin.js:15:13
    at async C:\Users\Administrator\Desktop\创建项目\dame-c\server\node_modules\_egg-development@2.5.0@egg-development\app\middleware\egg_loader_trace.js:9:50
    at async xframe (C:\Users\Administrator\Desktop\创建项目\dame-c\server\node_modules\_egg-security@2.8.0@egg-security\lib\middlewares\xframe.js:7:5)
    at async xssProtection (C:\Users\Administrator\Desktop\创建项目\dame-c\server\node_modules\_egg-security@2.8.0@egg-security\lib\middlewares\xssProtection.js:7:5)
    at async nosniff (C:\Users\Administrator\Desktop\创建项目\dame-c\server\node_modules\_egg-security@2.8.0@egg-security\lib\middlewares\nosniff.js:8:5)
    at async noopen (C:\Users\Administrator\Desktop\创建项目\dame-c\server\node_modules\_egg-security@2.8.0@egg-security\lib\middlewares\noopen.js:8:5)
    at async session (C:\Users\Administrator\Desktop\创建项目\dame-c\server\node_modules\_koa-session@6.0.0@koa-session\index.js:41:7)
    at async bodyParser (C:\Users\Administrator\Desktop\创建项目\dame-c\server\node_modules\_koa-bodyparser@4.3.0@koa-bodyparser\index.js:95:5)
    at async C:\Users\Administrator\Desktop\创建项目\dame-c\server\node_modules\_koa-static-cache@5.1.3@koa-static-cache\index.js:39:63
    at async notfound (C:\Users\Administrator\Desktop\创建项目\dame-c\server\node_modules\_egg@2.27.0@egg\app\middleware\notfound.js:5:5)
    at async meta (C:\Users\Administrator\Desktop\创建项目\dame-c\server\node_modules\_egg@2.27.0@egg\app\middleware\meta.js:12:5)

pid: 7896
hostname: AUTOBVT-9E07G35

2020-07-28 17:56:43,991 ERROR 7896 [-/127.0.0.1/-/3ms POST /v1/order] nodejs.TypeError: Cannot read property 'count' of undefined
    at OperatingGoodsController.order (C:\Users\Administrator\Desktop\创建项目\dame-c\server\app\controller\api\operatingGoods.js:197:34)
    at runMicrotasks (<anonymous>)
    at processTicksAndRejections (internal/process/task_queues.js:97:5)
    at async C:\Users\Administrator\Desktop\创建项目\dame-c\server\app\middleware\isLogin.js:15:13
    at async C:\Users\Administrator\Desktop\创建项目\dame-c\server\node_modules\_egg-development@2.5.0@egg-development\app\middleware\egg_loader_trace.js:9:50
    at async xframe (C:\Users\Administrator\Desktop\创建项目\dame-c\server\node_modules\_egg-security@2.8.0@egg-security\lib\middlewares\xframe.js:7:5)
    at async xssProtection (C:\Users\Administrator\Desktop\创建项目\dame-c\server\node_modules\_egg-security@2.8.0@egg-security\lib\middlewares\xssProtection.js:7:5)
    at async nosniff (C:\Users\Administrator\Desktop\创建项目\dame-c\server\node_modules\_egg-security@2.8.0@egg-security\lib\middlewares\nosniff.js:8:5)
    at async noopen (C:\Users\Administrator\Desktop\创建项目\dame-c\server\node_modules\_egg-security@2.8.0@egg-security\lib\middlewares\noopen.js:8:5)
    at async session (C:\Users\Administrator\Desktop\创建项目\dame-c\server\node_modules\_koa-session@6.0.0@koa-session\index.js:41:7)
    at async bodyParser (C:\Users\Administrator\Desktop\创建项目\dame-c\server\node_modules\_koa-bodyparser@4.3.0@koa-bodyparser\index.js:95:5)
    at async C:\Users\Administrator\Desktop\创建项目\dame-c\server\node_modules\_koa-static-cache@5.1.3@koa-static-cache\index.js:39:63
    at async notfound (C:\Users\Administrator\Desktop\创建项目\dame-c\server\node_modules\_egg@2.27.0@egg\app\middleware\notfound.js:5:5)
    at async meta (C:\Users\Administrator\Desktop\创建项目\dame-c\server\node_modules\_egg@2.27.0@egg\app\middleware\meta.js:12:5)

pid: 7896
hostname: AUTOBVT-9E07G35

2020-07-28 17:56:44,976 ERROR 7896 [-/127.0.0.1/-/3ms POST /v1/order] nodejs.TypeError: Cannot read property 'count' of undefined
    at OperatingGoodsController.order (C:\Users\Administrator\Desktop\创建项目\dame-c\server\app\controller\api\operatingGoods.js:197:34)
    at runMicrotasks (<anonymous>)
    at processTicksAndRejections (internal/process/task_queues.js:97:5)
    at async C:\Users\Administrator\Desktop\创建项目\dame-c\server\app\middleware\isLogin.js:15:13
    at async C:\Users\Administrator\Desktop\创建项目\dame-c\server\node_modules\_egg-development@2.5.0@egg-development\app\middleware\egg_loader_trace.js:9:50
    at async xframe (C:\Users\Administrator\Desktop\创建项目\dame-c\server\node_modules\_egg-security@2.8.0@egg-security\lib\middlewares\xframe.js:7:5)
    at async xssProtection (C:\Users\Administrator\Desktop\创建项目\dame-c\server\node_modules\_egg-security@2.8.0@egg-security\lib\middlewares\xssProtection.js:7:5)
    at async nosniff (C:\Users\Administrator\Desktop\创建项目\dame-c\server\node_modules\_egg-security@2.8.0@egg-security\lib\middlewares\nosniff.js:8:5)
    at async noopen (C:\Users\Administrator\Desktop\创建项目\dame-c\server\node_modules\_egg-security@2.8.0@egg-security\lib\middlewares\noopen.js:8:5)
    at async session (C:\Users\Administrator\Desktop\创建项目\dame-c\server\node_modules\_koa-session@6.0.0@koa-session\index.js:41:7)
    at async bodyParser (C:\Users\Administrator\Desktop\创建项目\dame-c\server\node_modules\_koa-bodyparser@4.3.0@koa-bodyparser\index.js:95:5)
    at async C:\Users\Administrator\Desktop\创建项目\dame-c\server\node_modules\_koa-static-cache@5.1.3@koa-static-cache\index.js:39:63
    at async notfound (C:\Users\Administrator\Desktop\创建项目\dame-c\server\node_modules\_egg@2.27.0@egg\app\middleware\notfound.js:5:5)
    at async meta (C:\Users\Administrator\Desktop\创建项目\dame-c\server\node_modules\_egg@2.27.0@egg\app\middleware\meta.js:12:5)

pid: 7896
hostname: AUTOBVT-9E07G35

2020-07-28 17:56:45,214 ERROR 7896 [-/127.0.0.1/-/4ms POST /v1/order] nodejs.TypeError: Cannot read property 'count' of undefined
    at OperatingGoodsController.order (C:\Users\Administrator\Desktop\创建项目\dame-c\server\app\controller\api\operatingGoods.js:197:34)
    at runMicrotasks (<anonymous>)
    at processTicksAndRejections (internal/process/task_queues.js:97:5)
    at async C:\Users\Administrator\Desktop\创建项目\dame-c\server\app\middleware\isLogin.js:15:13
    at async C:\Users\Administrator\Desktop\创建项目\dame-c\server\node_modules\_egg-development@2.5.0@egg-development\app\middleware\egg_loader_trace.js:9:50
    at async xframe (C:\Users\Administrator\Desktop\创建项目\dame-c\server\node_modules\_egg-security@2.8.0@egg-security\lib\middlewares\xframe.js:7:5)
    at async xssProtection (C:\Users\Administrator\Desktop\创建项目\dame-c\server\node_modules\_egg-security@2.8.0@egg-security\lib\middlewares\xssProtection.js:7:5)
    at async nosniff (C:\Users\Administrator\Desktop\创建项目\dame-c\server\node_modules\_egg-security@2.8.0@egg-security\lib\middlewares\nosniff.js:8:5)
    at async noopen (C:\Users\Administrator\Desktop\创建项目\dame-c\server\node_modules\_egg-security@2.8.0@egg-security\lib\middlewares\noopen.js:8:5)
    at async session (C:\Users\Administrator\Desktop\创建项目\dame-c\server\node_modules\_koa-session@6.0.0@koa-session\index.js:41:7)
    at async bodyParser (C:\Users\Administrator\Desktop\创建项目\dame-c\server\node_modules\_koa-bodyparser@4.3.0@koa-bodyparser\index.js:95:5)
    at async C:\Users\Administrator\Desktop\创建项目\dame-c\server\node_modules\_koa-static-cache@5.1.3@koa-static-cache\index.js:39:63
    at async notfound (C:\Users\Administrator\Desktop\创建项目\dame-c\server\node_modules\_egg@2.27.0@egg\app\middleware\notfound.js:5:5)
    at async meta (C:\Users\Administrator\Desktop\创建项目\dame-c\server\node_modules\_egg@2.27.0@egg\app\middleware\meta.js:12:5)

pid: 7896
hostname: AUTOBVT-9E07G35

2020-07-28 17:57:56,723 ERROR 7896 [-/127.0.0.1/-/9ms POST /v1/order] nodejs.TypeError: Cannot read property 'count' of undefined
    at OperatingGoodsController.order (C:\Users\Administrator\Desktop\创建项目\dame-c\server\app\controller\api\operatingGoods.js:197:34)
    at runMicrotasks (<anonymous>)
    at processTicksAndRejections (internal/process/task_queues.js:97:5)
    at async C:\Users\Administrator\Desktop\创建项目\dame-c\server\app\middleware\isLogin.js:15:13
    at async C:\Users\Administrator\Desktop\创建项目\dame-c\server\node_modules\_egg-development@2.5.0@egg-development\app\middleware\egg_loader_trace.js:9:50
    at async xframe (C:\Users\Administrator\Desktop\创建项目\dame-c\server\node_modules\_egg-security@2.8.0@egg-security\lib\middlewares\xframe.js:7:5)
    at async xssProtection (C:\Users\Administrator\Desktop\创建项目\dame-c\server\node_modules\_egg-security@2.8.0@egg-security\lib\middlewares\xssProtection.js:7:5)
    at async nosniff (C:\Users\Administrator\Desktop\创建项目\dame-c\server\node_modules\_egg-security@2.8.0@egg-security\lib\middlewares\nosniff.js:8:5)
    at async noopen (C:\Users\Administrator\Desktop\创建项目\dame-c\server\node_modules\_egg-security@2.8.0@egg-security\lib\middlewares\noopen.js:8:5)
    at async session (C:\Users\Administrator\Desktop\创建项目\dame-c\server\node_modules\_koa-session@6.0.0@koa-session\index.js:41:7)
    at async bodyParser (C:\Users\Administrator\Desktop\创建项目\dame-c\server\node_modules\_koa-bodyparser@4.3.0@koa-bodyparser\index.js:95:5)
    at async C:\Users\Administrator\Desktop\创建项目\dame-c\server\node_modules\_koa-static-cache@5.1.3@koa-static-cache\index.js:39:63
    at async notfound (C:\Users\Administrator\Desktop\创建项目\dame-c\server\node_modules\_egg@2.27.0@egg\app\middleware\notfound.js:5:5)
    at async meta (C:\Users\Administrator\Desktop\创建项目\dame-c\server\node_modules\_egg@2.27.0@egg\app\middleware\meta.js:12:5)

pid: 7896
hostname: AUTOBVT-9E07G35

2020-07-28 17:57:57,742 ERROR 7896 [-/127.0.0.1/-/3ms POST /v1/order] nodejs.TypeError: Cannot read property 'count' of undefined
    at OperatingGoodsController.order (C:\Users\Administrator\Desktop\创建项目\dame-c\server\app\controller\api\operatingGoods.js:197:34)
    at runMicrotasks (<anonymous>)
    at processTicksAndRejections (internal/process/task_queues.js:97:5)
    at async C:\Users\Administrator\Desktop\创建项目\dame-c\server\app\middleware\isLogin.js:15:13
    at async C:\Users\Administrator\Desktop\创建项目\dame-c\server\node_modules\_egg-development@2.5.0@egg-development\app\middleware\egg_loader_trace.js:9:50
    at async xframe (C:\Users\Administrator\Desktop\创建项目\dame-c\server\node_modules\_egg-security@2.8.0@egg-security\lib\middlewares\xframe.js:7:5)
    at async xssProtection (C:\Users\Administrator\Desktop\创建项目\dame-c\server\node_modules\_egg-security@2.8.0@egg-security\lib\middlewares\xssProtection.js:7:5)
    at async nosniff (C:\Users\Administrator\Desktop\创建项目\dame-c\server\node_modules\_egg-security@2.8.0@egg-security\lib\middlewares\nosniff.js:8:5)
    at async noopen (C:\Users\Administrator\Desktop\创建项目\dame-c\server\node_modules\_egg-security@2.8.0@egg-security\lib\middlewares\noopen.js:8:5)
    at async session (C:\Users\Administrator\Desktop\创建项目\dame-c\server\node_modules\_koa-session@6.0.0@koa-session\index.js:41:7)
    at async bodyParser (C:\Users\Administrator\Desktop\创建项目\dame-c\server\node_modules\_koa-bodyparser@4.3.0@koa-bodyparser\index.js:95:5)
    at async C:\Users\Administrator\Desktop\创建项目\dame-c\server\node_modules\_koa-static-cache@5.1.3@koa-static-cache\index.js:39:63
    at async notfound (C:\Users\Administrator\Desktop\创建项目\dame-c\server\node_modules\_egg@2.27.0@egg\app\middleware\notfound.js:5:5)
    at async meta (C:\Users\Administrator\Desktop\创建项目\dame-c\server\node_modules\_egg@2.27.0@egg\app\middleware\meta.js:12:5)

pid: 7896
hostname: AUTOBVT-9E07G35

2020-07-28 17:57:58,551 ERROR 7896 [-/127.0.0.1/-/3ms POST /v1/order] nodejs.TypeError: Cannot read property 'count' of undefined
    at OperatingGoodsController.order (C:\Users\Administrator\Desktop\创建项目\dame-c\server\app\controller\api\operatingGoods.js:197:34)
    at runMicrotasks (<anonymous>)
    at processTicksAndRejections (internal/process/task_queues.js:97:5)
    at async C:\Users\Administrator\Desktop\创建项目\dame-c\server\app\middleware\isLogin.js:15:13
    at async C:\Users\Administrator\Desktop\创建项目\dame-c\server\node_modules\_egg-development@2.5.0@egg-development\app\middleware\egg_loader_trace.js:9:50
    at async xframe (C:\Users\Administrator\Desktop\创建项目\dame-c\server\node_modules\_egg-security@2.8.0@egg-security\lib\middlewares\xframe.js:7:5)
    at async xssProtection (C:\Users\Administrator\Desktop\创建项目\dame-c\server\node_modules\_egg-security@2.8.0@egg-security\lib\middlewares\xssProtection.js:7:5)
    at async nosniff (C:\Users\Administrator\Desktop\创建项目\dame-c\server\node_modules\_egg-security@2.8.0@egg-security\lib\middlewares\nosniff.js:8:5)
    at async noopen (C:\Users\Administrator\Desktop\创建项目\dame-c\server\node_modules\_egg-security@2.8.0@egg-security\lib\middlewares\noopen.js:8:5)
    at async session (C:\Users\Administrator\Desktop\创建项目\dame-c\server\node_modules\_koa-session@6.0.0@koa-session\index.js:41:7)
    at async bodyParser (C:\Users\Administrator\Desktop\创建项目\dame-c\server\node_modules\_koa-bodyparser@4.3.0@koa-bodyparser\index.js:95:5)
    at async C:\Users\Administrator\Desktop\创建项目\dame-c\server\node_modules\_koa-static-cache@5.1.3@koa-static-cache\index.js:39:63
    at async notfound (C:\Users\Administrator\Desktop\创建项目\dame-c\server\node_modules\_egg@2.27.0@egg\app\middleware\notfound.js:5:5)
    at async meta (C:\Users\Administrator\Desktop\创建项目\dame-c\server\node_modules\_egg@2.27.0@egg\app\middleware\meta.js:12:5)

pid: 7896
hostname: AUTOBVT-9E07G35

2020-07-28 18:08:03,203 ERROR 3116 [-/127.0.0.1/-/3ms POST /v1/order] nodejs.TypeError: Cannot read property 'present_price' of null
    at OperatingGoodsController.order (C:\Users\Administrator\Desktop\创建项目\dame-c\server\app\controller\api\operatingGoods.js:184:40)
    at processTicksAndRejections (internal/process/task_queues.js:97:5)
    at async C:\Users\Administrator\Desktop\创建项目\dame-c\server\app\middleware\isLogin.js:15:13
    at async C:\Users\Administrator\Desktop\创建项目\dame-c\server\node_modules\_egg-development@2.5.0@egg-development\app\middleware\egg_loader_trace.js:9:50
    at async xframe (C:\Users\Administrator\Desktop\创建项目\dame-c\server\node_modules\_egg-security@2.8.0@egg-security\lib\middlewares\xframe.js:7:5)
    at async xssProtection (C:\Users\Administrator\Desktop\创建项目\dame-c\server\node_modules\_egg-security@2.8.0@egg-security\lib\middlewares\xssProtection.js:7:5)
    at async nosniff (C:\Users\Administrator\Desktop\创建项目\dame-c\server\node_modules\_egg-security@2.8.0@egg-security\lib\middlewares\nosniff.js:8:5)
    at async noopen (C:\Users\Administrator\Desktop\创建项目\dame-c\server\node_modules\_egg-security@2.8.0@egg-security\lib\middlewares\noopen.js:8:5)
    at async session (C:\Users\Administrator\Desktop\创建项目\dame-c\server\node_modules\_koa-session@6.0.0@koa-session\index.js:41:7)
    at async bodyParser (C:\Users\Administrator\Desktop\创建项目\dame-c\server\node_modules\_koa-bodyparser@4.3.0@koa-bodyparser\index.js:95:5)
    at async C:\Users\Administrator\Desktop\创建项目\dame-c\server\node_modules\_koa-static-cache@5.1.3@koa-static-cache\index.js:39:63
    at async notfound (C:\Users\Administrator\Desktop\创建项目\dame-c\server\node_modules\_egg@2.27.0@egg\app\middleware\notfound.js:5:5)
    at async meta (C:\Users\Administrator\Desktop\创建项目\dame-c\server\node_modules\_egg@2.27.0@egg\app\middleware\meta.js:12:5)

pid: 3116
hostname: AUTOBVT-9E07G35

2020-07-28 18:12:02,420 ERROR 3116 [-/127.0.0.1/-/3ms POST /v1/order] nodejs.TypeError: Cannot read property 'present_price' of null
    at OperatingGoodsController.order (C:\Users\Administrator\Desktop\创建项目\dame-c\server\app\controller\api\operatingGoods.js:184:40)
    at processTicksAndRejections (internal/process/task_queues.js:97:5)
    at async C:\Users\Administrator\Desktop\创建项目\dame-c\server\app\middleware\isLogin.js:15:13
    at async C:\Users\Administrator\Desktop\创建项目\dame-c\server\node_modules\_egg-development@2.5.0@egg-development\app\middleware\egg_loader_trace.js:9:50
    at async xframe (C:\Users\Administrator\Desktop\创建项目\dame-c\server\node_modules\_egg-security@2.8.0@egg-security\lib\middlewares\xframe.js:7:5)
    at async xssProtection (C:\Users\Administrator\Desktop\创建项目\dame-c\server\node_modules\_egg-security@2.8.0@egg-security\lib\middlewares\xssProtection.js:7:5)
    at async nosniff (C:\Users\Administrator\Desktop\创建项目\dame-c\server\node_modules\_egg-security@2.8.0@egg-security\lib\middlewares\nosniff.js:8:5)
    at async noopen (C:\Users\Administrator\Desktop\创建项目\dame-c\server\node_modules\_egg-security@2.8.0@egg-security\lib\middlewares\noopen.js:8:5)
    at async session (C:\Users\Administrator\Desktop\创建项目\dame-c\server\node_modules\_koa-session@6.0.0@koa-session\index.js:41:7)
    at async bodyParser (C:\Users\Administrator\Desktop\创建项目\dame-c\server\node_modules\_koa-bodyparser@4.3.0@koa-bodyparser\index.js:95:5)
    at async C:\Users\Administrator\Desktop\创建项目\dame-c\server\node_modules\_koa-static-cache@5.1.3@koa-static-cache\index.js:39:63
    at async notfound (C:\Users\Administrator\Desktop\创建项目\dame-c\server\node_modules\_egg@2.27.0@egg\app\middleware\notfound.js:5:5)
    at async meta (C:\Users\Administrator\Desktop\创建项目\dame-c\server\node_modules\_egg@2.27.0@egg\app\middleware\meta.js:12:5)

pid: 3116
hostname: AUTOBVT-9E07G35

2020-07-28 18:12:06,295 ERROR 3116 [-/127.0.0.1/-/5ms POST /v1/order] nodejs.TypeError: Cannot read property 'present_price' of null
    at OperatingGoodsController.order (C:\Users\Administrator\Desktop\创建项目\dame-c\server\app\controller\api\operatingGoods.js:184:40)
    at processTicksAndRejections (internal/process/task_queues.js:97:5)
    at async C:\Users\Administrator\Desktop\创建项目\dame-c\server\app\middleware\isLogin.js:15:13
    at async C:\Users\Administrator\Desktop\创建项目\dame-c\server\node_modules\_egg-development@2.5.0@egg-development\app\middleware\egg_loader_trace.js:9:50
    at async xframe (C:\Users\Administrator\Desktop\创建项目\dame-c\server\node_modules\_egg-security@2.8.0@egg-security\lib\middlewares\xframe.js:7:5)
    at async xssProtection (C:\Users\Administrator\Desktop\创建项目\dame-c\server\node_modules\_egg-security@2.8.0@egg-security\lib\middlewares\xssProtection.js:7:5)
    at async nosniff (C:\Users\Administrator\Desktop\创建项目\dame-c\server\node_modules\_egg-security@2.8.0@egg-security\lib\middlewares\nosniff.js:8:5)
    at async noopen (C:\Users\Administrator\Desktop\创建项目\dame-c\server\node_modules\_egg-security@2.8.0@egg-security\lib\middlewares\noopen.js:8:5)
    at async session (C:\Users\Administrator\Desktop\创建项目\dame-c\server\node_modules\_koa-session@6.0.0@koa-session\index.js:41:7)
    at async bodyParser (C:\Users\Administrator\Desktop\创建项目\dame-c\server\node_modules\_koa-bodyparser@4.3.0@koa-bodyparser\index.js:95:5)
    at async C:\Users\Administrator\Desktop\创建项目\dame-c\server\node_modules\_koa-static-cache@5.1.3@koa-static-cache\index.js:39:63
    at async notfound (C:\Users\Administrator\Desktop\创建项目\dame-c\server\node_modules\_egg@2.27.0@egg\app\middleware\notfound.js:5:5)
    at async meta (C:\Users\Administrator\Desktop\创建项目\dame-c\server\node_modules\_egg@2.27.0@egg\app\middleware\meta.js:12:5)

pid: 3116
hostname: AUTOBVT-9E07G35

